<?xml version="1.0" encoding="UTF-8"?>
<!-- Generated by org.testng.reporters.JUnitReportReporter -->
<testsuite hostname="DESKTOP-7RMOBU1" failures="0" tests="2" name="testcases.TC001_LoginLogOut" time="44.832" errors="0" timestamp="15 Dec 2017 19:31:32 GMT" skipped="0">
  <testcase classname="testcases.TC001_LoginLogOut" name="logInLogOut" time="19.001"/>
  <testcase classname="testcases.TC001_LoginLogOut" name="logInLogOut" time="25.831"/>
</testsuite> <!-- testcases.TC001_LoginLogOut -->
