<?xml version="1.0" encoding="UTF-8"?>
<!-- Generated by org.testng.reporters.JUnitReportReporter -->
<testsuite hostname="DESKTOP-7RMOBU1" failures="0" tests="2" name="testcases.TC003_CreateLead" time="56.511" errors="0" timestamp="15 Dec 2017 19:48:54 GMT" skipped="0">
  <testcase classname="testcases.TC003_CreateLead" name="logInLogOut" time="35.275"/>
  <testcase classname="testcases.TC003_CreateLead" name="logInLogOut" time="21.236"/>
</testsuite> <!-- testcases.TC003_CreateLead -->
