<?xml version="1.0" encoding="UTF-8"?>
<!-- Generated by org.testng.reporters.JUnitReportReporter -->
<testsuite hostname="DESKTOP-7RMOBU1" failures="0" tests="4" name="testcases.TC002_LoginNegative" time="67.622" errors="0" timestamp="15 Dec 2017 19:31:32 GMT" skipped="0">
  <testcase classname="testcases.TC002_LoginNegative" name="loginFail" time="11.967"/>
  <testcase classname="testcases.TC002_LoginNegative" name="loginFail" time="21.301"/>
  <testcase classname="testcases.TC002_LoginNegative" name="loginFail" time="18.181"/>
  <testcase classname="testcases.TC002_LoginNegative" name="loginFail" time="16.173"/>
</testsuite> <!-- testcases.TC002_LoginNegative -->
